<?xml version="1.0" encoding="UTF-8" ?>
<testsuite errors="1" failures="0" hostname="DESKTOP-3DSJNMS" name="test.WSTransfererFichierTest" skipped="0" tests="1" time="0.0" timestamp="2019-05-09T22:43:19">
  <properties>
[...]
</properties>
  <testcase classname="test.WSTransfererFichierTest" name="unknown" time="0.001">
    <error message="Forked Java VM exited abnormally. Please note the time in the report does not reflect the time until the VM exit." type="junit.framework.AssertionFailedError">junit.framework.AssertionFailedError: Forked Java VM exited abnormally. Please note the time in the report does not reflect the time until the VM exit.
	at java.util.Vector.forEach(Vector.java:1275)
	at java.util.Vector.forEach(Vector.java:1275)
	at java.util.Vector.forEach(Vector.java:1275)
	at org.netbeans.core.execution.RunClassThread.run(RunClassThread.java:128)
</error>
  </testcase>
</testsuite>
